[debug] [2021-07-27T17:52:28.502Z] ----------------------------------------------------------------------
[debug] [2021-07-27T17:52:28.504Z] Command:       /usr/local/bin/node /usr/local/bin/firebase functions:shell
[debug] [2021-07-27T17:52:28.505Z] CLI Version:   9.13.1
[debug] [2021-07-27T17:52:28.505Z] Platform:      darwin
[debug] [2021-07-27T17:52:28.505Z] Node Version:  v14.15.0
[debug] [2021-07-27T17:52:28.513Z] Time:          Tue Jul 27 2021 13:52:28 GMT-0400 (Eastern Daylight Time)
[debug] [2021-07-27T17:52:28.513Z] ----------------------------------------------------------------------
[debug] 
[debug] [2021-07-27T17:52:28.524Z] >>> [apiv2][query] GET https://firebase-public.firebaseio.com/cli.json [none]
[debug] [2021-07-27T17:52:28.561Z] > command requires scopes: ["email","openid","https://www.googleapis.com/auth/cloudplatformprojects.readonly","https://www.googleapis.com/auth/firebase","https://www.googleapis.com/auth/cloud-platform"]
[debug] [2021-07-27T17:52:28.562Z] > authorizing via signed-in user (mattfsewell@gmail.com)
[debug] [2021-07-27T17:52:28.562Z] [iam] checking project paths-mentorship for permissions ["firebase.projects.get"]
[debug] [2021-07-27T17:52:28.567Z] > refreshing access token with scopes: ["email","https://www.googleapis.com/auth/cloud-platform","https://www.googleapis.com/auth/cloudplatformprojects.readonly","https://www.googleapis.com/auth/firebase","openid"]
[debug] [2021-07-27T17:52:28.573Z] >>> HTTP REQUEST POST https://www.googleapis.com/oauth2/v3/token  
 <request body omitted>
[debug] [2021-07-27T17:52:28.699Z] <<< HTTP RESPONSE 200 {"expires":"Mon, 01 Jan 1990 00:00:00 GMT","pragma":"no-cache","cache-control":"no-cache, no-store, max-age=0, must-revalidate","date":"Tue, 27 Jul 2021 17:52:28 GMT","content-type":"application/json; charset=utf-8","vary":"X-Origin, Referer, Origin,Accept-Encoding","server":"scaffolding on HTTPServer2","x-xss-protection":"0","x-frame-options":"SAMEORIGIN","x-content-type-options":"nosniff","alt-svc":"h3=\":443\"; ma=2592000,h3-29=\":443\"; ma=2592000,h3-T051=\":443\"; ma=2592000,h3-Q050=\":443\"; ma=2592000,h3-Q046=\":443\"; ma=2592000,h3-Q043=\":443\"; ma=2592000,quic=\":443\"; ma=2592000; v=\"46,43\"","accept-ranges":"none","transfer-encoding":"chunked"}
[debug] [2021-07-27T17:52:28.735Z] >>> HTTP REQUEST POST https://cloudresourcemanager.googleapis.com/v1/projects/paths-mentorship:testIamPermissions  
 {"permissions":["firebase.projects.get"]}
[debug] [2021-07-27T17:52:28.740Z] <<< [apiv2][status] GET https://firebase-public.firebaseio.com/cli.json 200
[debug] [2021-07-27T17:52:28.740Z] <<< [apiv2][body] GET https://firebase-public.firebaseio.com/cli.json {"cloudBuildErrorAfter":1594252800000,"cloudBuildWarnAfter":1590019200000,"defaultNode10After":1594252800000,"minVersion":"3.0.5","node8DeploysDisabledAfter":1613390400000,"node8RuntimeDisabledAfter":1615809600000,"node8WarnAfter":1600128000000}
[debug] [2021-07-27T17:52:28.860Z] <<< HTTP RESPONSE 200 {"content-type":"application/json; charset=UTF-8","vary":"X-Origin, Referer, Origin,Accept-Encoding","date":"Tue, 27 Jul 2021 17:52:28 GMT","server":"ESF","cache-control":"private","x-xss-protection":"0","x-frame-options":"SAMEORIGIN","x-content-type-options":"nosniff","server-timing":"gfet4t7; dur=39","alt-svc":"h3=\":443\"; ma=2592000,h3-29=\":443\"; ma=2592000,h3-T051=\":443\"; ma=2592000,h3-Q050=\":443\"; ma=2592000,h3-Q046=\":443\"; ma=2592000,h3-Q043=\":443\"; ma=2592000,quic=\":443\"; ma=2592000; v=\"46,43\"","accept-ranges":"none","transfer-encoding":"chunked"}
[debug] [2021-07-27T17:52:28.893Z] [functions] Using node@14 from host.
[debug] [2021-07-27T17:52:28.894Z] defaultcredentials: writing to file /Users/mattsewell/.config/firebase/mattfsewell_gmail_com_application_default_credentials.json
[debug] [2021-07-27T17:52:28.895Z] DEBUG: Setting GAC to /Users/mattsewell/.config/firebase/mattfsewell_gmail_com_application_default_credentials.json
[debug] [2021-07-27T17:52:28.896Z] > refreshing access token with scopes: []
[debug] [2021-07-27T17:52:28.896Z] >>> HTTP REQUEST POST https://www.googleapis.com/oauth2/v3/token  
 <request body omitted>
[debug] [2021-07-27T17:52:28.975Z] <<< HTTP RESPONSE 200 {"date":"Tue, 27 Jul 2021 17:52:29 GMT","pragma":"no-cache","cache-control":"no-cache, no-store, max-age=0, must-revalidate","expires":"Mon, 01 Jan 1990 00:00:00 GMT","content-type":"application/json; charset=utf-8","vary":"X-Origin, Referer, Origin,Accept-Encoding","server":"scaffolding on HTTPServer2","x-xss-protection":"0","x-frame-options":"SAMEORIGIN","x-content-type-options":"nosniff","alt-svc":"h3=\":443\"; ma=2592000,h3-29=\":443\"; ma=2592000,h3-T051=\":443\"; ma=2592000,h3-Q050=\":443\"; ma=2592000,h3-Q046=\":443\"; ma=2592000,h3-Q043=\":443\"; ma=2592000,quic=\":443\"; ma=2592000; v=\"46,43\"","accept-ranges":"none","transfer-encoding":"chunked"}
[debug] [2021-07-27T17:52:29.014Z] >>> [apiv2][query] GET https://firebase.googleapis.com/v1beta1/projects/paths-mentorship/adminSdkConfig [none]
[debug] [2021-07-27T17:52:29.397Z] <<< [apiv2][status] GET https://firebase.googleapis.com/v1beta1/projects/paths-mentorship/adminSdkConfig 200
[debug] [2021-07-27T17:52:29.398Z] <<< [apiv2][body] GET https://firebase.googleapis.com/v1beta1/projects/paths-mentorship/adminSdkConfig {"projectId":"paths-mentorship","storageBucket":"paths-mentorship.appspot.com"}
[debug] [2021-07-27T17:52:29.428Z] [functions] Watching "/Users/mattsewell/Development/pathsmentorship/frontend/paths-mentorship/functions" for Cloud Functions...
[debug] [2021-07-27T17:52:29.447Z] DEBUG: [worker-pool] addWorker(~diagnostic~)
[debug] [2021-07-27T17:52:29.448Z] DEBUG: [worker-pool] Adding worker with key ~diagnostic~, total=1
[debug] [2021-07-27T17:52:29.448Z] DEBUG: [worker-pool] submitWork(triggerId=)
[debug] [2021-07-27T17:52:29.448Z] DEBUG: [worker-~diagnostic~-95994197-899b-4c6d-8ce2-428ea45140fd]: Assigning socketPath: /var/folders/mt/6ktxnp915y77dk3rym5fxn640000gn/T/fire_emu_28524.sock
[debug] [2021-07-27T17:52:29.448Z] DEBUG: [worker-~diagnostic~-95994197-899b-4c6d-8ce2-428ea45140fd]: BUSY
[debug] [2021-07-27T17:52:29.579Z] DEBUG: [runtime-status] [28524] Functions runtime initialized. {"cwd":"/Users/mattsewell/Development/pathsmentorship/frontend/paths-mentorship/functions","node_version":"14.15.0"}
[debug] [2021-07-27T17:52:29.580Z] DEBUG: [runtime-status] [28524] Disabled runtime features: undefined
[debug] [2021-07-27T17:52:29.584Z] DEBUG: [runtime-status] [28524] Resolved module firebase-admin {"declared":true,"installed":true,"version":"9.9.0","resolution":"/Users/mattsewell/Development/pathsmentorship/frontend/paths-mentorship/functions/node_modules/firebase-admin/lib/index.js"}
[debug] [2021-07-27T17:52:29.585Z] DEBUG: [runtime-status] [28524] Resolved module firebase-functions {"declared":true,"installed":true,"version":"3.14.1","resolution":"/Users/mattsewell/Development/pathsmentorship/frontend/paths-mentorship/functions/node_modules/firebase-functions/lib/index.js"}
[debug] [2021-07-27T17:52:29.587Z] DEBUG: [runtime-status] [28524] Resolved module firebase-functions {"declared":true,"installed":true,"version":"3.14.1","resolution":"/Users/mattsewell/Development/pathsmentorship/frontend/paths-mentorship/functions/node_modules/firebase-functions/lib/index.js"}
[debug] [2021-07-27T17:52:29.588Z] DEBUG: [runtime-status] [28524] Outgoing network have been stubbed. [{"name":"http","status":"mocked"},{"name":"http","status":"mocked"},{"name":"https","status":"mocked"},{"name":"https","status":"mocked"},{"name":"net","status":"mocked"}]
[debug] [2021-07-27T17:52:29.588Z] DEBUG: [runtime-status] [28524] Resolved module firebase-functions {"declared":true,"installed":true,"version":"3.14.1","resolution":"/Users/mattsewell/Development/pathsmentorship/frontend/paths-mentorship/functions/node_modules/firebase-functions/lib/index.js"}
[debug] [2021-07-27T17:52:29.662Z] DEBUG: [runtime-status] [28524] Checked functions.config() {"config":{}}
[debug] [2021-07-27T17:52:29.662Z] DEBUG: [runtime-status] [28524] firebase-functions has been stubbed. {"functionsResolution":{"declared":true,"installed":true,"version":"3.14.1","resolution":"/Users/mattsewell/Development/pathsmentorship/frontend/paths-mentorship/functions/node_modules/firebase-functions/lib/index.js"}}
[debug] [2021-07-27T17:52:29.662Z] DEBUG: [runtime-status] [28524] Resolved module firebase-functions {"declared":true,"installed":true,"version":"3.14.1","resolution":"/Users/mattsewell/Development/pathsmentorship/frontend/paths-mentorship/functions/node_modules/firebase-functions/lib/index.js"}
[debug] [2021-07-27T17:52:29.663Z] DEBUG: [runtime-status] [28524] Resolved module firebase-admin {"declared":true,"installed":true,"version":"9.9.0","resolution":"/Users/mattsewell/Development/pathsmentorship/frontend/paths-mentorship/functions/node_modules/firebase-admin/lib/index.js"}
[debug] [2021-07-27T17:52:29.663Z] DEBUG: [runtime-status] [28524] Resolved module firebase-functions {"declared":true,"installed":true,"version":"3.14.1","resolution":"/Users/mattsewell/Development/pathsmentorship/frontend/paths-mentorship/functions/node_modules/firebase-functions/lib/index.js"}
[debug] [2021-07-27T17:52:29.663Z] DEBUG: [runtime-status] [28524] firebase-admin has been stubbed. {"adminResolution":{"declared":true,"installed":true,"version":"9.9.0","resolution":"/Users/mattsewell/Development/pathsmentorship/frontend/paths-mentorship/functions/node_modules/firebase-admin/lib/index.js"}}
[warn] ⚠  It looks like you're trying to access functions.config().gmail but there is no value there. You can learn more about setting up config here: https://firebase.google.com/docs/functions/local-emulator {"metadata":{"emulator":{"name":"functions"},"message":"It looks like you're trying to access functions.config().gmail but there is no value there. You can learn more about setting up config here: https://firebase.google.com/docs/functions/local-emulator"}}
[warn] ⚠  TypeError: Cannot read property 'email' of undefined
    at Object.<anonymous> (/Users/mattsewell/Development/pathsmentorship/frontend/paths-mentorship/functions/index.js:17:44)
    at Module._compile (internal/modules/cjs/loader.js:1063:30)
    at Object.Module._extensions..js (internal/modules/cjs/loader.js:1092:10)
    at Module.load (internal/modules/cjs/loader.js:928:32)
    at Function.Module._load (internal/modules/cjs/loader.js:769:14)
    at Module.require (internal/modules/cjs/loader.js:952:19)
    at require (internal/modules/cjs/helpers.js:88:18)
    at initializeRuntime (/usr/local/lib/node_modules/firebase-tools/lib/emulator/functionsEmulatorRuntime.js:684:29)
    at processTicksAndRejections (internal/process/task_queues.js:93:5)
    at async handleMessage (/usr/local/lib/node_modules/firebase-tools/lib/emulator/functionsEmulatorRuntime.js:723:20) {"metadata":{"emulator":{"name":"functions"},"message":"TypeError: Cannot read property 'email' of undefined\n    at Object.<anonymous> (/Users/mattsewell/Development/pathsmentorship/frontend/paths-mentorship/functions/index.js:17:44)\n    at Module._compile (internal/modules/cjs/loader.js:1063:30)\n    at Object.Module._extensions..js (internal/modules/cjs/loader.js:1092:10)\n    at Module.load (internal/modules/cjs/loader.js:928:32)\n    at Function.Module._load (internal/modules/cjs/loader.js:769:14)\n    at Module.require (internal/modules/cjs/loader.js:952:19)\n    at require (internal/modules/cjs/helpers.js:88:18)\n    at initializeRuntime (/usr/local/lib/node_modules/firebase-tools/lib/emulator/functionsEmulatorRuntime.js:684:29)\n    at processTicksAndRejections (internal/process/task_queues.js:93:5)\n    at async handleMessage (/usr/local/lib/node_modules/firebase-tools/lib/emulator/functionsEmulatorRuntime.js:723:20)"}}
[warn] ⚠  We were unable to load your functions code. (see above) {"metadata":{"emulator":{"name":"functions"}}}
[debug] [2021-07-27T17:52:29.708Z] DEBUG: [worker-~diagnostic~-95994197-899b-4c6d-8ce2-428ea45140fd]: exited
[debug] [2021-07-27T17:52:29.708Z] DEBUG: [worker-~diagnostic~-95994197-899b-4c6d-8ce2-428ea45140fd]: FINISHED
